[debug] [2022-08-13T20:37:14.382Z] ----------------------------------------------------------------------
[debug] [2022-08-13T20:37:14.385Z] Command:       /usr/local/bin/node /usr/local/bin/firebase init
[debug] [2022-08-13T20:37:14.385Z] CLI Version:   11.6.0
[debug] [2022-08-13T20:37:14.385Z] Platform:      darwin
[debug] [2022-08-13T20:37:14.385Z] Node Version:  v16.15.1
[debug] [2022-08-13T20:37:14.393Z] Time:          Sun Aug 14 2022 02:07:14 GMT+0530 (India Standard Time)
[debug] [2022-08-13T20:37:14.393Z] ----------------------------------------------------------------------
[debug] 
[debug] [2022-08-13T20:37:14.400Z] > command requires scopes: ["email","openid","https://www.googleapis.com/auth/cloudplatformprojects.readonly","https://www.googleapis.com/auth/firebase","https://www.googleapis.com/auth/cloud-platform"]
[debug] [2022-08-13T20:37:14.400Z] > authorizing via signed-in user (shivam017arora@gmail.com)
[info] 
     ######## #### ########  ######## ########     ###     ######  ########
     ##        ##  ##     ## ##       ##     ##  ##   ##  ##       ##
     ######    ##  ########  ######   ########  #########  ######  ######
     ##        ##  ##    ##  ##       ##     ## ##     ##       ## ##
     ##       #### ##     ## ######## ########  ##     ##  ######  ########

You're about to initialize a Firebase project in this directory:

  /Users/arora/Documents/Projects/react/portfolio/portfolio-react

[info] 
=== Project Setup
[info] 
[info] First, let's associate this project directory with a Firebase project.
[info] You can create multiple project aliases by running firebase use --add, 
[info] but for now we'll just set up a default project.
[info] 
[debug] [2022-08-13T20:37:34.389Z] >>> [apiv2][query] GET https://firebase.googleapis.com/v1beta1/projects pageSize=100
[debug] [2022-08-13T20:37:36.798Z] <<< [apiv2][status] GET https://firebase.googleapis.com/v1beta1/projects 200
[debug] [2022-08-13T20:37:36.798Z] <<< [apiv2][body] GET https://firebase.googleapis.com/v1beta1/projects [omitted]
[info] i  Using project shivamarora-portfolio (shivamarora-portfolio) 
[info] 
=== Hosting Setup
[info] 
[info] Your public directory is the folder (relative to your project directory) that
[info] will contain Hosting assets to be uploaded with firebase deploy. If you
[info] have a build process for your assets, use your build's output directory.
[info] 
[info] ✔  Wrote build/404.html 
[debug] [2022-08-13T20:38:05.080Z] >>> [apiv2][query] GET https://www.gstatic.com/firebasejs/releases.json [none]
[debug] [2022-08-13T20:38:05.287Z] <<< [apiv2][status] GET https://www.gstatic.com/firebasejs/releases.json 200
[debug] [2022-08-13T20:38:05.287Z] <<< [apiv2][body] GET https://www.gstatic.com/firebasejs/releases.json {"current":{"version":"9.9.2","browserURL":"https://www.gstatic.com/firebasejs/9.9.2/firebase.js","packageURL":"https://www.gstatic.com/firebasejs/9.9.2/firebase.tgz"},"live":{"version":"9.9","browserURL":"https://www.gstatic.com/firebasejs/live/9.9/firebase.js","packageURL":"https://www.gstatic.com/firebasejs/live/9.9/firebase.tgz"},"components":{"analytics":"https://www.gstatic.com/firebasejs/9.9.2/firebase-analytics.js","app":"https://www.gstatic.com/firebasejs/9.9.2/firebase-app.js","app-check":"https://www.gstatic.com/firebasejs/9.9.2/firebase-app-check.js","auth":"https://www.gstatic.com/firebasejs/9.9.2/firebase-auth.js","auth/cordova":"https://www.gstatic.com/firebasejs/9.9.2/firebase-auth/cordova.js","auth/react-native":"https://www.gstatic.com/firebasejs/9.9.2/firebase-auth/react-native.js","functions":"https://www.gstatic.com/firebasejs/9.9.2/firebase-functions.js","firestore":"https://www.gstatic.com/firebasejs/9.9.2/firebase-firestore.js","firestore/lite":"https://www.gstatic.com/firebasejs/9.9.2/firebase-firestore/lite.js","installations":"https://www.gstatic.com/firebasejs/9.9.2/firebase-installations.js","storage":"https://www.gstatic.com/firebasejs/9.9.2/firebase-storage.js","performance":"https://www.gstatic.com/firebasejs/9.9.2/firebase-performance.js","remote-config":"https://www.gstatic.com/firebasejs/9.9.2/firebase-remote-config.js","messaging":"https://www.gstatic.com/firebasejs/9.9.2/firebase-messaging.js","messaging/sw":"https://www.gstatic.com/firebasejs/9.9.2/firebase-messaging/sw.js","database":"https://www.gstatic.com/firebasejs/9.9.2/firebase-database.js","firestore.memory":"https://www.gstatic.com/firebasejs/9.9.2/firebase-firestore.memory.js"}}
[info] ✔  Wrote build/index.html 
[info] 
[info] i  Didn't detect a .git folder. Assuming /Users/arora/Documents/Projects/react/portfolio/portfolio-react is the project root. 
[info] i  Authorizing with GitHub to upload your service account to a GitHub repository's secrets store. 
[info] 
[info] Visit this URL on this device to log in:
[info] https://github.com/login/oauth/authorize?client_id=89cf50f02ac6aaed3484&state=93571620&redirect_uri=http%3A%2F%2Flocalhost%3A9005&scope=read%3Auser%20repo%20public_repo
[info] 
[info] Waiting for authentication...
[debug] [2022-08-13T20:38:14.873Z] >>> [apiv2][query] POST https://github.com/login/oauth/access_token [none]
[debug] [2022-08-13T20:38:14.874Z] >>> [apiv2][body] POST https://github.com/login/oauth/access_token [stream]
[debug] [2022-08-13T20:38:16.769Z] <<< [apiv2][status] POST https://github.com/login/oauth/access_token 200
[debug] [2022-08-13T20:38:16.769Z] <<< [apiv2][body] POST https://github.com/login/oauth/access_token {"access_token":"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","token_type":"bearer","scope":"read:user,repo"}
[debug] [2022-08-13T20:38:16.777Z] >>> [apiv2][query] GET https://api.github.com/user [none]
[debug] [2022-08-13T20:38:17.226Z] <<< [apiv2][status] GET https://api.github.com/user 200
[debug] [2022-08-13T20:38:17.226Z] <<< [apiv2][body] GET https://api.github.com/user {"login":"shivam017arora","id":26146104,"node_id":"MDQ6VXNlcjI2MTQ2MTA0","avatar_url":"https://avatars.githubusercontent.com/u/26146104?v=4","gravatar_id":"","url":"https://api.github.com/users/shivam017arora","html_url":"https://github.com/shivam017arora","followers_url":"https://api.github.com/users/shivam017arora/followers","following_url":"https://api.github.com/users/shivam017arora/following{/other_user}","gists_url":"https://api.github.com/users/shivam017arora/gists{/gist_id}","starred_url":"https://api.github.com/users/shivam017arora/starred{/owner}{/repo}","subscriptions_url":"https://api.github.com/users/shivam017arora/subscriptions","organizations_url":"https://api.github.com/users/shivam017arora/orgs","repos_url":"https://api.github.com/users/shivam017arora/repos","events_url":"https://api.github.com/users/shivam017arora/events{/privacy}","received_events_url":"https://api.github.com/users/shivam017arora/received_events","type":"User","site_admin":false,"name":"Shivam Arora","company":"Think Future Technologies","blog":"https://www.linkedin.com/in/shivam017arora/","location":"New Delhi","email":null,"hireable":true,"bio":"Shivam is a Data Scientist / ML Engineer with a bachelor's degree in Computer Science and 2+ years of experience. ","twitter_username":null,"public_repos":26,"public_gists":0,"followers":2,"following":6,"created_at":"2017-03-02T16:45:17Z","updated_at":"2022-08-11T15:03:18Z","private_gists":0,"total_private_repos":1,"owned_private_repos":1,"disk_usage":418403,"collaborators":0,"two_factor_authentication":false,"plan":{"name":"free","space":976562499,"collaborators":0,"private_repos":10000}}
[info] 
[info] ✔  Success! Logged into GitHub as shivam017arora 
[info] 
